{"message":"server is listining at port 3000","level":"info","timestamp":"2021-04-25T18:11:44.277Z"}
{"message":"Notes added successfully !","level":"info","timestamp":"2021-04-25T18:13:26.624Z"}
{"message":"server is listining at port 3000","level":"info","timestamp":"2021-04-26T12:24:45.840Z"}
{"message":"Some error occurred while creating notes","level":"error","timestamp":"2021-04-26T12:25:42.043Z"}
{"message":"Some error occurred while creating notes","level":"error","timestamp":"2021-04-26T12:25:49.364Z"}
{"message":"Registered successfully !","level":"info","timestamp":"2021-04-26T12:25:54.260Z"}
{"message":"Registered successfully !","level":"info","timestamp":"2021-04-26T12:26:03.403Z"}
{"message":"server is listining at port 3000","level":"info","timestamp":"2021-04-26T12:28:32.764Z"}
{"message":"Registered successfully !","level":"info","timestamp":"2021-04-26T12:28:39.255Z"}
{"message":"Some error occurred while creating notes","level":"error","timestamp":"2021-04-26T12:37:34.771Z"}
{"message":"Registered successfully !","level":"info","timestamp":"2021-04-26T12:37:40.091Z"}
{"message":"server is listining at port 3000","level":"info","timestamp":"2021-04-26T13:51:03.272Z"}
{"message":"server is listining at port 3000","level":"info","timestamp":"2021-04-26T13:51:53.088Z"}
{"message":"server is listining at port 3000","level":"info","timestamp":"2021-04-26T13:52:31.548Z"}
{"message":"server is listining at port 3000","level":"info","timestamp":"2021-04-26T13:53:31.027Z"}
{"message":"server is listining at port 3000","level":"info","timestamp":"2021-04-26T13:56:57.095Z"}
{"message":"server is listining at port 3000","level":"info","timestamp":"2021-04-26T13:57:29.856Z"}
{"message":"server is listining at port 3000","level":"info","timestamp":"2021-04-26T13:59:18.035Z"}
{"message":"logged in  successfully !","level":"info","timestamp":"2021-04-26T13:59:22.622Z"}
{"message":"server is listining at port 3000","level":"info","timestamp":"2021-04-26T14:35:50.371Z"}
{"message":"Registered successfully !","level":"info","timestamp":"2021-04-26T14:36:46.363Z"}
{"message":"logged in  successfully !","level":"info","timestamp":"2021-04-26T14:37:04.008Z"}
{"message":"email sent sucessfully","level":"info","timestamp":"2021-04-26T14:37:58.214Z"}
{"message":"server is listining at port 3000","level":"info","timestamp":"2021-04-26T14:40:35.195Z"}
{"message":"email sent sucessfully","level":"info","timestamp":"2021-04-26T14:40:40.431Z"}
{"message":"server is listining at port 3000","level":"info","timestamp":"2021-04-26T14:42:34.300Z"}
{"message":"email sent sucessfully","level":"info","timestamp":"2021-04-26T14:42:40.283Z"}
{"message":"server is listining at port 3000","level":"info","timestamp":"2021-04-26T14:43:21.024Z"}
{"message":"email sent sucessfully","level":"info","timestamp":"2021-04-26T14:43:25.582Z"}
{"message":"server is listining at port 3000","level":"info","timestamp":"2021-04-26T17:29:51.551Z"}
{"message":"server is listining at port 3000","level":"info","timestamp":"2021-04-26T17:36:26.419Z"}
{"message":"server is listining at port 3000","level":"info","timestamp":"2021-04-26T17:38:49.019Z"}
{"message":"Registered successfully !","level":"info","timestamp":"2021-04-26T17:41:55.695Z"}
{"message":"Some error occurred while logging in","level":"error","timestamp":"2021-04-26T17:42:45.197Z"}
{"message":"logged in  successfully !","level":"info","timestamp":"2021-04-26T17:42:54.822Z"}
{"message":"Some error occurred while logging in","level":"error","timestamp":"2021-04-26T17:43:19.302Z"}
{"message":"email sent sucessfully","level":"info","timestamp":"2021-04-26T17:43:25.098Z"}
{"message":"server is listining at port 3000","level":"info","timestamp":"2021-04-27T06:39:46.720Z"}
{"message":"Registered successfully !","level":"info","timestamp":"2021-04-27T06:40:41.273Z"}
{"message":"server is listining at port 3000","level":"info","timestamp":"2021-04-27T07:23:52.182Z"}
{"message":"server is listining at port 3000","level":"info","timestamp":"2021-04-27T07:24:38.310Z"}
{"message":"server is listining at port 3000","level":"info","timestamp":"2021-04-27T07:24:47.371Z"}
{"message":"server is listining at port 3000","level":"info","timestamp":"2021-04-27T08:21:26.205Z"}
{"message":"Registered successfully !","level":"info","timestamp":"2021-04-27T08:21:26.426Z"}
{"message":"Some error occurred while creating notes","level":"error","timestamp":"2021-04-27T08:21:26.531Z"}
{"message":"logged in  successfully !","level":"info","timestamp":"2021-04-27T08:21:26.639Z"}
{"message":"email sent sucessfully","level":"info","timestamp":"2021-04-27T08:21:26.743Z"}
{"message":"Some error occurred while logging in","level":"error","timestamp":"2021-04-27T08:21:26.793Z"}
{"message":"server is listining at port 3000","level":"info","timestamp":"2021-04-27T13:35:20.501Z"}
{"message":"Some error occurred while logging in","level":"error","timestamp":"2021-04-27T13:36:22.312Z"}
{"message":"logged in  successfully !","level":"info","timestamp":"2021-04-27T13:37:08.967Z"}
{"message":"server is listining at port 3000","level":"info","timestamp":"2021-04-27T13:41:37.807Z"}
{"message":"server is listining at port 3000","level":"info","timestamp":"2021-04-27T13:42:30.015Z"}
{"message":"server is listining at port 3000","level":"info","timestamp":"2021-04-27T13:46:15.261Z"}
{"message":"server is listining at port 3000","level":"info","timestamp":"2021-04-27T14:08:54.345Z"}
{"message":"server is listining at port 3000","level":"info","timestamp":"2021-04-27T14:10:00.395Z"}
{"message":"server is listining at port 3000","level":"info","timestamp":"2021-04-27T14:10:38.709Z"}
{"message":"server is listining at port 3000","level":"info","timestamp":"2021-04-27T14:13:25.703Z"}
{"message":"server is listining at port 3000","level":"info","timestamp":"2021-04-27T15:06:06.750Z"}
{"message":"server is listining at port 3000","level":"info","timestamp":"2021-04-27T15:31:06.811Z"}
{"message":"server is listining at port 3000","level":"info","timestamp":"2021-04-27T16:01:37.566Z"}
{"message":"Registered successfully !","level":"info","timestamp":"2021-04-27T16:03:02.418Z"}
{"message":"logged in  successfully !","level":"info","timestamp":"2021-04-27T16:03:18.191Z"}
{"message":"server is listining at port 3000","level":"info","timestamp":"2021-04-27T16:04:26.099Z"}
{"message":"server is listining at port 3000","level":"info","timestamp":"2021-04-27T16:05:34.626Z"}
{"message":"server is listining at port 3000","level":"info","timestamp":"2021-04-27T16:10:56.665Z"}
{"message":"server is listining at port 3000","level":"info","timestamp":"2021-04-27T16:15:14.434Z"}
{"message":"server is listining at port 3000","level":"info","timestamp":"2021-04-27T16:16:14.860Z"}
{"message":"server is listining at port 3000","level":"info","timestamp":"2021-04-27T16:16:20.833Z"}
{"message":"greeting not found","level":"error","timestamp":"2021-04-27T16:16:30.729Z"}
{"message":"greeting not found","level":"error","timestamp":"2021-04-27T16:17:58.891Z"}
{"message":"server is listining at port 3000","level":"info","timestamp":"2021-04-27T16:20:27.213Z"}
{"message":"greeting not found","level":"error","timestamp":"2021-04-27T16:20:29.845Z"}
{"message":"server is listining at port 3000","level":"info","timestamp":"2021-04-27T16:20:40.909Z"}
{"message":"server is listining at port 3000","level":"info","timestamp":"2021-04-27T16:21:08.591Z"}
{"message":"Greeting found successfully !","level":"info","timestamp":"2021-04-27T16:21:11.592Z"}
